dn: dc=mnt,dc=lab
dc: mnt
objectClass: top
objectClass: domain
structuralObjectClass: domain
entryUUID: f65837cc-1b38-1036-927c-5bbef2d7a79b
creatorsName: cn=admin,dc=mnt,dc=lab
createTimestamp: 20160930090648Z
entryCSN: 20160930090648.247045Z#000000#000#000000
modifiersName: cn=admin,dc=mnt,dc=lab
modifyTimestamp: 20160930090648Z

dn: ou=People,dc=mnt,dc=lab
ou: People
objectClass: top
objectClass: organizationalUnit
structuralObjectClass: organizationalUnit
entryUUID: f658a98c-1b38-1036-927d-5bbef2d7a79b
creatorsName: cn=admin,dc=mnt,dc=lab
createTimestamp: 20160930090648Z
entryCSN: 20160930090648.249957Z#000000#000#000000
modifiersName: cn=admin,dc=mnt,dc=lab
modifyTimestamp: 20160930090648Z

dn: ou=Groups,dc=mnt,dc=lab
ou: Groups
objectClass: top
objectClass: organizationalUnit
structuralObjectClass: organizationalUnit
entryUUID: f65913c2-1b38-1036-927e-5bbef2d7a79b
creatorsName: cn=admin,dc=mnt,dc=lab
createTimestamp: 20160930090648Z
entryCSN: 20160930090648.252681Z#000000#000#000000
modifiersName: cn=admin,dc=mnt,dc=lab
modifyTimestamp: 20160930090648Z

dn: ou=Services,dc=mnt,dc=lab
ou: Services
objectClass: top
objectClass: organizationalUnit
structuralObjectClass: organizationalUnit
entryUUID: f65939ba-1b38-1036-927f-5bbef2d7a79b
creatorsName: cn=admin,dc=mnt,dc=lab
createTimestamp: 20160930090648Z
entryCSN: 20160930090648.253652Z#000000#000#000000
modifiersName: cn=admin,dc=mnt,dc=lab
modifyTimestamp: 20160930090648Z

dn: cn=vitali_shulhach,ou=Groups,dc=mnt,dc=lab
cn: vitali_shulhach
gidNumber: 10500
objectClass: posixGroup
objectClass: top
memberUid: vitali_shulhach
structuralObjectClass: posixGroup
entryUUID: 0ef9f4c2-1b3a-1036-9280-5bbef2d7a79b
creatorsName: cn=admin,dc=mnt,dc=lab
createTimestamp: 20160930091439Z
entryCSN: 20160930091439.069059Z#000000#000#000000
modifiersName: cn=admin,dc=mnt,dc=lab
modifyTimestamp: 20160930091439Z

dn: uid=vitali_shulhach,ou=People,dc=mnt,dc=lab
uid: vitali_shulhach
homeDirectory: /home/vitali_shulhach
loginShell: /bin/bash
mail: vitali_shulhach@epam.com
uidNumber: 10500
gidNumber: 10500
gecos: vitali shulhach
cn: vitali shulhach
givenName: Vitali
sn: Shulhach
objectClass: top
objectClass: posixAccount
objectClass: shadowAccount
objectClass: inetOrgPerson
objectClass: organizationalPerson
objectClass: person
userPassword:: dXZFUUNjSVRjd2szWSA=
structuralObjectClass: inetOrgPerson
entryUUID: 0efb5d6c-1b3a-1036-9281-5bbef2d7a79b
creatorsName: cn=admin,dc=mnt,dc=lab
createTimestamp: 20160930091439Z
entryCSN: 20160930091439.078297Z#000000#000#000000
modifiersName: cn=admin,dc=mnt,dc=lab
modifyTimestamp: 20160930091439Z

dn: cn=Vitali2 Shulhach2,ou=People,dc=mnt,dc=lab
givenName: Vitali2
sn: Shulhach2
cn: Vitali2 Shulhach2
uid: vshulhach2
userPassword:: MTIzNDU=
uidNumber: 1000
gidNumber: 10500
homeDirectory: /home/users/vshulhach2
objectClass: inetOrgPerson
objectClass: posixAccount
objectClass: top
structuralObjectClass: inetOrgPerson
entryUUID: d732b158-1b40-1036-9282-5bbef2d7a79b
creatorsName: cn=admin,dc=mnt,dc=lab
createTimestamp: 20160930100311Z
loginShell: /bin/bash
entryCSN: 20160930100337.841137Z#000000#000#000000
modifiersName: cn=admin,dc=mnt,dc=lab
modifyTimestamp: 20160930100337Z

